<?xml version="1.0" encoding="UTF-8"?>
<!-- Generated by org.testng.reporters.JUnitReportReporter -->
<testsuite skipped="0" hostname="Acer" name="testScript.FlightBookingTest" tests="1" failures="0" timestamp="30 Jul 2018 17:25:45 GMT" time="18.995" errors="0">
  <testcase name="testThatResultsAppearForAOneWayJourney" time="18.995" classname="testScript.FlightBookingTest"/>
</testsuite> <!-- testScript.FlightBookingTest -->
