<?xml version="1.0" encoding="UTF-8"?>
<!-- Generated by org.testng.reporters.JUnitReportReporter -->
<testsuite skipped="0" hostname="Acer" name="testScript.HotelBookingTest" tests="1" failures="0" timestamp="30 Jul 2018 17:25:45 GMT" time="17.162" errors="0">
  <testcase name="shouldBeAbleToSearchForHotels" time="17.162" classname="testScript.HotelBookingTest"/>
</testsuite> <!-- testScript.HotelBookingTest -->
