<?xml version="1.0" encoding="UTF-8"?>
<!-- Generated by org.testng.reporters.JUnitReportReporter -->
<testsuite skipped="0" hostname="Acer" name="testScript.SignInTest" tests="1" failures="0" timestamp="30 Jul 2018 17:25:45 GMT" time="14.429" errors="0">
  <testcase name="shouldThrowAnErrorIfSignInDetailsAreMissing" time="14.429" classname="testScript.SignInTest"/>
</testsuite> <!-- testScript.SignInTest -->
