<?xml version="1.0" encoding="UTF-8"?>
<!-- Generated by org.testng.reporters.JUnitReportReporter -->
<testsuite skipped="0" hostname="Acer" name="testScript.FlightBookingTest" tests="1" failures="0" timestamp="30 Jul 2018 16:34:29 GMT" time="48.570" errors="0">
  <testcase name="testThatResultsAppearForAOneWayJourney" time="48.570" classname="testScript.FlightBookingTest"/>
</testsuite> <!-- testScript.FlightBookingTest -->
